cl : Command line warning D9035: option 'Gm' has been deprecated and will be removed in a future release
  rend.cpp
c:\users\naman\desktop\csci580-hws\gupta_naman_hw4\rend.cpp(79): warning C4244: '=': conversion from 'double' to 'float', possible loss of data
c:\users\naman\desktop\csci580-hws\gupta_naman_hw4\rend.cpp(80): warning C4244: '=': conversion from 'double' to 'float', possible loss of data
c:\users\naman\desktop\csci580-hws\gupta_naman_hw4\rend.cpp(81): warning C4244: '=': conversion from 'double' to 'float', possible loss of data
c:\users\naman\desktop\csci580-hws\gupta_naman_hw4\rend.cpp(82): warning C4244: '=': conversion from 'double' to 'float', possible loss of data
c:\users\naman\desktop\csci580-hws\gupta_naman_hw4\rend.cpp(103): warning C4244: '=': conversion from 'double' to 'float', possible loss of data
c:\users\naman\desktop\csci580-hws\gupta_naman_hw4\rend.cpp(104): warning C4244: '=': conversion from 'double' to 'float', possible loss of data
c:\users\naman\desktop\csci580-hws\gupta_naman_hw4\rend.cpp(105): warning C4244: '=': conversion from 'double' to 'float', possible loss of data
c:\users\naman\desktop\csci580-hws\gupta_naman_hw4\rend.cpp(106): warning C4244: '=': conversion from 'double' to 'float', possible loss of data
c:\users\naman\desktop\csci580-hws\gupta_naman_hw4\rend.cpp(126): warning C4244: '=': conversion from 'double' to 'float', possible loss of data
c:\users\naman\desktop\csci580-hws\gupta_naman_hw4\rend.cpp(127): warning C4244: '=': conversion from 'double' to 'float', possible loss of data
c:\users\naman\desktop\csci580-hws\gupta_naman_hw4\rend.cpp(128): warning C4244: '=': conversion from 'double' to 'float', possible loss of data
c:\users\naman\desktop\csci580-hws\gupta_naman_hw4\rend.cpp(129): warning C4244: '=': conversion from 'double' to 'float', possible loss of data
c:\users\naman\desktop\csci580-hws\gupta_naman_hw4\rend.cpp(225): warning C4244: '=': conversion from 'int' to 'float', possible loss of data
c:\users\naman\desktop\csci580-hws\gupta_naman_hw4\rend.cpp(226): warning C4244: '=': conversion from 'int' to 'float', possible loss of data
c:\users\naman\desktop\csci580-hws\gupta_naman_hw4\rend.cpp(227): warning C4244: '=': conversion from 'int' to 'float', possible loss of data
c:\users\naman\desktop\csci580-hws\gupta_naman_hw4\rend.cpp(228): warning C4244: '=': conversion from 'int' to 'float', possible loss of data
c:\users\naman\desktop\csci580-hws\gupta_naman_hw4\rend.cpp(229): warning C4305: '=': truncation from 'INT' to 'float'
c:\users\naman\desktop\csci580-hws\gupta_naman_hw4\rend.cpp(275): warning C4244: '=': conversion from 'double' to 'float', possible loss of data
c:\users\naman\desktop\csci580-hws\gupta_naman_hw4\rend.cpp(276): warning C4244: '=': conversion from 'double' to 'float', possible loss of data
c:\users\naman\desktop\csci580-hws\gupta_naman_hw4\rend.cpp(50): warning C4172: returning address of local variable or temporary: crossP
  CS580HW4.vcxproj -> C:\Users\naman\Desktop\CSCI580-HWs\GUPTA_NAMAN_HW4\.\Debug\CS580HW4.exe
